<?xml version="1.0" encoding="UTF-8"?>
<!-- Generated by org.testng.reporters.JUnitReportReporter -->
<testsuite skipped="0" hostname="LNAR-PC0611GC" name="com.practice.java.testngEx.testNGPractice.ClassCreatedByFactoryWithInputData" tests="16" failures="0" timestamp="19 May 2018 16:00:22 GMT" time="0.032" errors="0">
  <testcase name="displayData2" time="0.004" classname="com.practice.java.testngEx.testNGPractice.ClassCreatedByFactoryWithInputData"/>
  <testcase name="displayData" time="0.002" classname="com.practice.java.testngEx.testNGPractice.ClassCreatedByFactoryWithInputData"/>
  <testcase name="displayData1" time="0.002" classname="com.practice.java.testngEx.testNGPractice.ClassCreatedByFactoryWithInputData"/>
  <testcase name="displayData3" time="0.002" classname="com.practice.java.testngEx.testNGPractice.ClassCreatedByFactoryWithInputData"/>
  <testcase name="displayData3" time="0.002" classname="com.practice.java.testngEx.testNGPractice.ClassCreatedByFactoryWithInputData"/>
  <testcase name="displayData1" time="0.002" classname="com.practice.java.testngEx.testNGPractice.ClassCreatedByFactoryWithInputData"/>
  <testcase name="displayData2" time="0.002" classname="com.practice.java.testngEx.testNGPractice.ClassCreatedByFactoryWithInputData"/>
  <testcase name="displayData1" time="0.002" classname="com.practice.java.testngEx.testNGPractice.ClassCreatedByFactoryWithInputData"/>
  <testcase name="displayData3" time="0.001" classname="com.practice.java.testngEx.testNGPractice.ClassCreatedByFactoryWithInputData"/>
  <testcase name="displayData" time="0.002" classname="com.practice.java.testngEx.testNGPractice.ClassCreatedByFactoryWithInputData"/>
  <testcase name="displayData3" time="0.002" classname="com.practice.java.testngEx.testNGPractice.ClassCreatedByFactoryWithInputData"/>
  <testcase name="displayData2" time="0.001" classname="com.practice.java.testngEx.testNGPractice.ClassCreatedByFactoryWithInputData"/>
  <testcase name="displayData" time="0.002" classname="com.practice.java.testngEx.testNGPractice.ClassCreatedByFactoryWithInputData"/>
  <testcase name="displayData" time="0.002" classname="com.practice.java.testngEx.testNGPractice.ClassCreatedByFactoryWithInputData"/>
  <testcase name="displayData1" time="0.002" classname="com.practice.java.testngEx.testNGPractice.ClassCreatedByFactoryWithInputData"/>
  <testcase name="displayData2" time="0.002" classname="com.practice.java.testngEx.testNGPractice.ClassCreatedByFactoryWithInputData"/>
</testsuite> <!-- com.practice.java.testngEx.testNGPractice.ClassCreatedByFactoryWithInputData -->
