<?xml version="1.0" encoding="UTF-8"?>
<!-- Generated by org.testng.reporters.JUnitReportReporter -->
<testsuite skipped="0" hostname="LNAR-PC0611GC" name="com.practice.java.testngEx.testNGPractice.AnnotationValidataion" tests="2" failures="0" timestamp="18 May 2018 17:31:34 GMT" time="0.011" errors="0">
  <testcase name="testDummyTest" time="0.002" classname="com.practice.java.testngEx.testNGPractice.AnnotationValidataion"/>
  <testcase name="testGroupTest" time="0.009" classname="com.practice.java.testngEx.testNGPractice.AnnotationValidataion"/>
</testsuite> <!-- com.practice.java.testngEx.testNGPractice.AnnotationValidataion -->
