<?xml version="1.0" encoding="UTF-8"?>
<!-- Generated by org.testng.reporters.JUnitReportReporter -->
<testsuite skipped="0" hostname="LNAR-PC0611GC" name="com.practice.java.testngEx.testNGPractice.TestngExWithDataprovider" tests="1" failures="0" timestamp="19 May 2018 16:00:22 GMT" time="0.008" errors="0">
  <testcase name="getUserInfo" time="0.008" classname="com.practice.java.testngEx.testNGPractice.TestngExWithDataprovider"/>
</testsuite> <!-- com.practice.java.testngEx.testNGPractice.TestngExWithDataprovider -->
