<?xml version="1.0" encoding="UTF-8"?>
<!-- Generated by org.testng.reporters.JUnitReportReporter -->
<testsuite skipped="0" hostname="LNAR-PC0611GC" name="com.practice.java.testngEx.testNGPractice.PartialGroupTest" tests="2" failures="0" timestamp="18 May 2018 19:36:04 GMT" time="0.013" errors="0">
  <testcase name="methodTest1" time="0.010" classname="com.practice.java.testngEx.testNGPractice.PartialGroupTest"/>
  <testcase name="methodTest2" time="0.003" classname="com.practice.java.testngEx.testNGPractice.PartialGroupTest"/>
</testsuite> <!-- com.practice.java.testngEx.testNGPractice.PartialGroupTest -->
