<?xml version="1.0" encoding="UTF-8"?>
<!-- Generated by org.testng.reporters.JUnitReportReporter -->
<testsuite skipped="0" hostname="LNAR-PC0611GC" name="com.practice.java.testngEx.testNGPractice.VerifiedGroupsTest" tests="2" failures="0" timestamp="18 May 2018 18:05:36 GMT" time="0.010" errors="0">
  <testcase name="methodTest2" time="0.008" classname="com.practice.java.testngEx.testNGPractice.VerifiedGroupsTest"/>
  <testcase name="methodTest6" time="0.002" classname="com.practice.java.testngEx.testNGPractice.VerifiedGroupsTest"/>
</testsuite> <!-- com.practice.java.testngEx.testNGPractice.VerifiedGroupsTest -->
